<?xml version="1.0" encoding="UTF-8"?>
<!-- Generated by org.testng.reporters.JUnitReportReporter -->
<testsuite skipped="0" hostname="Sai" name="com.jbk.Test.LoginTest" tests="7" failures="0" timestamp="15 Nov 2021 16:48:18 GMT" time="53.108" errors="0">
  <testcase name="checkCrediantialsPassword" time="9.400" classname="com.jbk.Test.LoginTest"/>
  <testcase name="checkValidCredentials" time="7.222" classname="com.jbk.Test.LoginTest"/>
  <testcase name="verifyImage" time="6.411" classname="com.jbk.Test.LoginTest"/>
  <testcase name="registrationPage" time="8.021" classname="com.jbk.Test.LoginTest"/>
  <testcase name="verifyTitle" time="6.481" classname="com.jbk.Test.LoginTest"/>
  <testcase name="registrationPage" time="7.842" classname="com.jbk.Test.LoginTest"/>
  <testcase name="registrationPage" time="7.731" classname="com.jbk.Test.LoginTest"/>
</testsuite> <!-- com.jbk.Test.LoginTest -->
