<?xml version="1.0" encoding="UTF-8"?>
<!-- Generated by org.testng.reporters.JUnitReportReporter -->
<testsuite skipped="0" hostname="Sai" name="com.jbk.Test.DownloadsPageTest" tests="1" failures="0" timestamp="15 Nov 2021 16:48:18 GMT" time="6.406" errors="0">
  <testcase name="verifyTitle" time="6.406" classname="com.jbk.Test.DownloadsPageTest"/>
</testsuite> <!-- com.jbk.Test.DownloadsPageTest -->
