<?xml version="1.0" encoding="UTF-8"?>
<!-- Generated by org.testng.reporters.JUnitReportReporter -->
<testsuite skipped="0" hostname="Sai" name="com.jbk.Test.UsefulLinksPageTest" tests="6" failures="0" timestamp="15 Nov 2021 16:48:18 GMT" time="38.095" errors="0">
  <testcase name="goBtn1Click" time="6.268" classname="com.jbk.Test.UsefulLinksPageTest"/>
  <testcase name="goBtn3Click" time="6.400" classname="com.jbk.Test.UsefulLinksPageTest"/>
  <testcase name="goBtn5Click" time="6.196" classname="com.jbk.Test.UsefulLinksPageTest"/>
  <testcase name="goBtn6Click" time="6.123" classname="com.jbk.Test.UsefulLinksPageTest"/>
  <testcase name="goBtn4Click" time="6.821" classname="com.jbk.Test.UsefulLinksPageTest"/>
  <testcase name="goBtn2Click" time="6.287" classname="com.jbk.Test.UsefulLinksPageTest"/>
</testsuite> <!-- com.jbk.Test.UsefulLinksPageTest -->
