<?xml version="1.0" encoding="UTF-8"?>
<!-- Generated by org.testng.reporters.JUnitReportReporter -->
<testsuite skipped="0" hostname="Sai" name="com.jbk.Test.OperatorsPageTest" tests="9" failures="0" timestamp="15 Nov 2021 16:48:18 GMT" time="56.512" errors="0">
  <testcase name="verifyTiming" time="6.362" classname="com.jbk.Test.OperatorsPageTest"/>
  <testcase name="verifyWhatsAppUser" time="6.463" classname="com.jbk.Test.OperatorsPageTest"/>
  <testcase name="facultyNeelamFor" time="6.223" classname="com.jbk.Test.OperatorsPageTest"/>
  <testcase name="facultyAvailableMon_Sat" time="6.382" classname="com.jbk.Test.OperatorsPageTest"/>
  <testcase name="facultyNeelamTiming" time="6.621" classname="com.jbk.Test.OperatorsPageTest"/>
  <testcase name="verifyTableHeaderCount" time="6.028" classname="com.jbk.Test.OperatorsPageTest"/>
  <testcase name="facultyAvailable" time="6.184" classname="com.jbk.Test.OperatorsPageTest"/>
  <testcase name="checkTitle" time="5.930" classname="com.jbk.Test.OperatorsPageTest"/>
  <testcase name="verifyTechnicalJob" time="6.319" classname="com.jbk.Test.OperatorsPageTest"/>
</testsuite> <!-- com.jbk.Test.OperatorsPageTest -->
